<?xml version="1.0" encoding="UTF-8"?>
<testng-results ignored="0" total="1" passed="1" failed="0" skipped="0">
  <reporter-output>
  </reporter-output>
  <suite started-at="2022-11-25T02:43:05Z" name="Command line suite" finished-at="2022-11-25T02:43:05Z" duration-ms="17">
    <groups>
    </groups>
    <test started-at="2022-11-25T02:43:05Z" name="Command line test" finished-at="2022-11-25T02:43:05Z" duration-ms="17">
      <class name="tests.AppTest">
        <test-method signature="getUser()[pri:0, instance:tests.AppTest@6dbb137d]" started-at="2022-11-25T02:43:05Z" name="getUser" finished-at="2022-11-25T02:43:05Z" duration-ms="3" status="PASS">
          <reporter-output>
          </reporter-output>
        </test-method> <!-- getUser -->
      </class> <!-- tests.AppTest -->
    </test> <!-- Command line test -->
  </suite> <!-- Command line suite -->
</testng-results>
